<?xml version="1.0" encoding="UTF-8"?>
<!-- Generated by org.testng.reporters.JUnitReportReporter -->
<testsuite hostname="DESKTOP-D475RQ6" failures="0" tests="1" name="day7b.DemoA" time="0.020" errors="0" timestamp="2025-07-21T18:23:16 IST" skipped="0">
  <testcase classname="day7b.DemoA" name="testA" time="0.020">
    <system-out>
      <![CDATA[testA]]>
    </system-out>
  </testcase> <!-- testA -->
  <system-out>
    <![CDATA[testA
testB
testC]]>
  </system-out>
</testsuite> <!-- day7b.DemoA -->
