<?xml version="1.0" encoding="UTF-8"?>
<!-- Generated by org.testng.reporters.JUnitReportReporter -->
<testsuite hostname="DESKTOP-D475RQ6" failures="0" tests="1" name="day1.Demo5" time="0.022" errors="0" timestamp="2025-07-21T18:22:51 IST" skipped="0">
  <testcase classname="day1.Demo5" name="testq" time="0.022">
    <system-out>
      <![CDATA[TestqBng]]>
    </system-out>
  </testcase> <!-- testq -->
  <system-out>
    <![CDATA[TestqBng]]>
  </system-out>
</testsuite> <!-- day1.Demo5 -->
