<?xml version="1.0" encoding="UTF-8"?>
<!-- Generated by org.testng.reporters.JUnitReportReporter -->
<testsuite hostname="DESKTOP-D475RQ6" failures="0" tests="1" name="day7b.DemoB" time="0.005" errors="0" timestamp="2025-07-21T18:23:16 IST" skipped="0">
  <testcase classname="day7b.DemoB" name="testB" time="0.005">
    <system-out>
      <![CDATA[testB]]>
    </system-out>
  </testcase> <!-- testB -->
  <system-out>
    <![CDATA[testA
testB
testC]]>
  </system-out>
</testsuite> <!-- day7b.DemoB -->
